<?xml version="1.0" encoding="UTF-8"?>
<coverage generated="1553690273358" clover="3.2.0">
  <project timestamp="1553690273358" name="All files">
    <metrics statements="154" coveredstatements="110" conditionals="36" coveredconditionals="19" methods="81" coveredmethods="48" elements="271" coveredelements="177" complexity="0" loc="154" ncloc="154" packages="15" files="22" classes="22"/>
    <package name="actions">
      <metrics statements="39" coveredstatements="31" conditionals="6" coveredconditionals="3" methods="26" coveredmethods="20"/>
      <file name="authActions.js" path="/Users/oluebubeegbuna/Documents/Projects/SendIT-React/src/actions/authActions.js">
        <metrics statements="17" coveredstatements="14" conditionals="2" coveredconditionals="1" methods="10" coveredmethods="8"/>
        <line num="3" count="3" type="stmt"/>
        <line num="4" count="3" type="stmt"/>
        <line num="5" count="1" type="stmt"/>
        <line num="8" count="1" type="cond" truecount="1" falsecount="1"/>
        <line num="9" count="0" type="stmt"/>
        <line num="11" count="1" type="stmt"/>
        <line num="12" count="1" type="stmt"/>
        <line num="13" count="1" type="stmt"/>
        <line num="14" count="1" type="stmt"/>
        <line num="16" count="0" type="stmt"/>
        <line num="20" count="3" type="stmt"/>
        <line num="21" count="1" type="stmt"/>
        <line num="22" count="1" type="stmt"/>
        <line num="25" count="3" type="stmt"/>
        <line num="26" count="1" type="stmt"/>
        <line num="29" count="1" type="stmt"/>
        <line num="35" count="0" type="stmt"/>
      </file>
      <file name="userActions.js" path="/Users/oluebubeegbuna/Documents/Projects/SendIT-React/src/actions/userActions.js">
        <metrics statements="22" coveredstatements="17" conditionals="4" coveredconditionals="2" methods="16" coveredmethods="12"/>
        <line num="4" count="3" type="stmt"/>
        <line num="5" count="3" type="stmt"/>
        <line num="6" count="2" type="stmt"/>
        <line num="13" count="1" type="cond" truecount="1" falsecount="1"/>
        <line num="14" count="0" type="stmt"/>
        <line num="17" count="1" type="stmt"/>
        <line num="20" count="0" type="stmt"/>
        <line num="25" count="3" type="stmt"/>
        <line num="26" count="1" type="stmt"/>
        <line num="33" count="1" type="cond" truecount="1" falsecount="1"/>
        <line num="34" count="1" type="stmt"/>
        <line num="35" count="1" type="stmt"/>
        <line num="39" count="0" type="stmt"/>
        <line num="43" count="3" type="stmt"/>
        <line num="44" count="1" type="stmt"/>
        <line num="51" count="1" type="stmt"/>
        <line num="52" count="1" type="stmt"/>
        <line num="55" count="0" type="stmt"/>
        <line num="59" count="3" type="stmt"/>
        <line num="60" count="1" type="stmt"/>
        <line num="67" count="1" type="stmt"/>
        <line num="70" count="0" type="stmt"/>
      </file>
    </package>
    <package name="auth">
      <metrics statements="5" coveredstatements="4" conditionals="2" coveredconditionals="1" methods="1" coveredmethods="1"/>
      <file name="authorizeUser.js" path="/Users/oluebubeegbuna/Documents/Projects/SendIT-React/src/auth/authorizeUser.js">
        <metrics statements="5" coveredstatements="4" conditionals="2" coveredconditionals="1" methods="1" coveredmethods="1"/>
        <line num="1" count="3" type="stmt"/>
        <line num="2" count="5" type="stmt"/>
        <line num="3" count="5" type="cond" truecount="1" falsecount="1"/>
        <line num="4" count="0" type="stmt"/>
        <line num="6" count="5" type="stmt"/>
      </file>
    </package>
    <package name="components.shared.button">
      <metrics statements="2" coveredstatements="2" conditionals="0" coveredconditionals="0" methods="1" coveredmethods="1"/>
      <file name="Button.js" path="/Users/oluebubeegbuna/Documents/Projects/SendIT-React/src/components/shared/button/Button.js">
        <metrics statements="2" coveredstatements="2" conditionals="0" coveredconditionals="0" methods="1" coveredmethods="1"/>
        <line num="5" count="1" type="stmt"/>
        <line num="6" count="1" type="stmt"/>
      </file>
    </package>
    <package name="components.shared.dashboard-table">
      <metrics statements="21" coveredstatements="13" conditionals="2" coveredconditionals="1" methods="16" coveredmethods="4"/>
      <file name="DashboardTable.js" path="/Users/oluebubeegbuna/Documents/Projects/SendIT-React/src/components/shared/dashboard-table/DashboardTable.js">
        <metrics statements="21" coveredstatements="13" conditionals="2" coveredconditionals="1" methods="16" coveredmethods="4"/>
        <line num="15" count="1" type="stmt"/>
        <line num="16" count="1" type="stmt"/>
        <line num="17" count="1" type="stmt"/>
        <line num="18" count="1" type="stmt"/>
        <line num="23" count="0" type="stmt"/>
        <line num="27" count="0" type="stmt"/>
        <line num="31" count="0" type="stmt"/>
        <line num="35" count="1" type="stmt"/>
        <line num="37" count="0" type="stmt"/>
        <line num="40" count="0" type="stmt"/>
        <line num="45" count="1" type="stmt"/>
        <line num="46" count="1" type="stmt"/>
        <line num="47" count="1" type="stmt"/>
        <line num="48" count="1" type="stmt"/>
        <line num="49" count="1" type="stmt"/>
        <line num="50" count="1" type="stmt"/>
        <line num="51" count="0" type="stmt"/>
        <line num="63" count="0" type="stmt"/>
        <line num="73" count="1" type="stmt"/>
        <line num="81" count="0" type="stmt"/>
        <line num="151" count="1" type="stmt"/>
      </file>
    </package>
    <package name="components.shared.footer">
      <metrics statements="2" coveredstatements="2" conditionals="0" coveredconditionals="0" methods="1" coveredmethods="1"/>
      <file name="Footer.js" path="/Users/oluebubeegbuna/Documents/Projects/SendIT-React/src/components/shared/footer/Footer.js">
        <metrics statements="2" coveredstatements="2" conditionals="0" coveredconditionals="0" methods="1" coveredmethods="1"/>
        <line num="5" count="1" type="stmt"/>
        <line num="6" count="1" type="stmt"/>
      </file>
    </package>
    <package name="components.shared.header">
      <metrics statements="2" coveredstatements="2" conditionals="0" coveredconditionals="0" methods="1" coveredmethods="1"/>
      <file name="Header.js" path="/Users/oluebubeegbuna/Documents/Projects/SendIT-React/src/components/shared/header/Header.js">
        <metrics statements="2" coveredstatements="2" conditionals="0" coveredconditionals="0" methods="1" coveredmethods="1"/>
        <line num="7" count="1" type="stmt"/>
        <line num="8" count="1" type="stmt"/>
      </file>
    </package>
    <package name="components.shared.login-form">
      <metrics statements="15" coveredstatements="10" conditionals="4" coveredconditionals="1" methods="8" coveredmethods="4"/>
      <file name="LoginForm.js" path="/Users/oluebubeegbuna/Documents/Projects/SendIT-React/src/components/shared/login-form/LoginForm.js">
        <metrics statements="15" coveredstatements="10" conditionals="4" coveredconditionals="1" methods="8" coveredmethods="4"/>
        <line num="17" count="1" type="stmt"/>
        <line num="20" count="1" type="stmt"/>
        <line num="21" count="1" type="stmt"/>
        <line num="23" count="1" type="stmt"/>
        <line num="26" count="1" type="stmt"/>
        <line num="28" count="0" type="stmt"/>
        <line num="31" count="0" type="stmt"/>
        <line num="32" count="0" type="stmt"/>
        <line num="37" count="3" type="cond" truecount="1" falsecount="1"/>
        <line num="38" count="3" type="stmt"/>
        <line num="42" count="0" type="cond" truecount="0" falsecount="2"/>
        <line num="43" count="0" type="stmt"/>
        <line num="46" count="5" type="stmt"/>
        <line num="47" count="5" type="stmt"/>
        <line num="77" count="1" type="stmt"/>
      </file>
    </package>
    <package name="components.shared.main-content">
      <metrics statements="2" coveredstatements="2" conditionals="0" coveredconditionals="0" methods="1" coveredmethods="1"/>
      <file name="MainContent.js" path="/Users/oluebubeegbuna/Documents/Projects/SendIT-React/src/components/shared/main-content/MainContent.js">
        <metrics statements="2" coveredstatements="2" conditionals="0" coveredconditionals="0" methods="1" coveredmethods="1"/>
        <line num="4" count="1" type="stmt"/>
        <line num="5" count="1" type="stmt"/>
      </file>
    </package>
    <package name="components.shared.modal">
      <metrics statements="30" coveredstatements="15" conditionals="8" coveredconditionals="2" methods="15" coveredmethods="7"/>
      <file name="ChangeDestination.js" path="/Users/oluebubeegbuna/Documents/Projects/SendIT-React/src/components/shared/modal/ChangeDestination.js">
        <metrics statements="2" coveredstatements="1" conditionals="4" coveredconditionals="0" methods="1" coveredmethods="0"/>
        <line num="4" count="1" type="stmt"/>
        <line num="6" count="0" type="stmt"/>
      </file>
      <file name="Modal.js" path="/Users/oluebubeegbuna/Documents/Projects/SendIT-React/src/components/shared/modal/Modal.js">
        <metrics statements="4" coveredstatements="4" conditionals="0" coveredconditionals="0" methods="2" coveredmethods="2"/>
        <line num="4" count="2" type="stmt"/>
        <line num="8" count="1" type="stmt"/>
        <line num="9" count="1" type="stmt"/>
        <line num="14" count="1" type="stmt"/>
      </file>
      <file name="NewParcel.js" path="/Users/oluebubeegbuna/Documents/Projects/SendIT-React/src/components/shared/modal/NewParcel.js">
        <metrics statements="12" coveredstatements="4" conditionals="2" coveredconditionals="1" methods="6" coveredmethods="2"/>
        <line num="19" count="0" type="stmt"/>
        <line num="22" count="0" type="stmt"/>
        <line num="23" count="0" type="stmt"/>
        <line num="24" count="0" type="stmt"/>
        <line num="26" count="0" type="stmt"/>
        <line num="29" count="0" type="stmt"/>
        <line num="31" count="0" type="stmt"/>
        <line num="34" count="0" type="stmt"/>
        <line num="39" count="2" type="stmt"/>
        <line num="40" count="2" type="stmt"/>
        <line num="41" count="2" type="stmt"/>
        <line num="114" count="2" type="stmt"/>
      </file>
      <file name="ViewParcel.js" path="/Users/oluebubeegbuna/Documents/Projects/SendIT-React/src/components/shared/modal/ViewParcel.js">
        <metrics statements="12" coveredstatements="6" conditionals="2" coveredconditionals="1" methods="6" coveredmethods="3"/>
        <line num="10" count="2" type="stmt"/>
        <line num="11" count="2" type="stmt"/>
        <line num="12" count="2" type="stmt"/>
        <line num="16" count="0" type="stmt"/>
        <line num="17" count="0" type="stmt"/>
        <line num="18" count="0" type="stmt"/>
        <line num="19" count="0" type="stmt"/>
        <line num="21" count="0" type="stmt"/>
        <line num="24" count="0" type="stmt"/>
        <line num="29" count="2" type="stmt"/>
        <line num="30" count="2" type="stmt"/>
        <line num="72" count="2" type="stmt"/>
      </file>
    </package>
    <package name="components.shared.registration-form">
      <metrics statements="12" coveredstatements="8" conditionals="0" coveredconditionals="0" methods="6" coveredmethods="3"/>
      <file name="RegistrationForm.js" path="/Users/oluebubeegbuna/Documents/Projects/SendIT-React/src/components/shared/registration-form/RegistrationForm.js">
        <metrics statements="12" coveredstatements="8" conditionals="0" coveredconditionals="0" methods="6" coveredmethods="3"/>
        <line num="20" count="1" type="stmt"/>
        <line num="22" count="1" type="stmt"/>
        <line num="23" count="1" type="stmt"/>
        <line num="24" count="1" type="stmt"/>
        <line num="25" count="1" type="stmt"/>
        <line num="27" count="0" type="stmt"/>
        <line num="30" count="0" type="stmt"/>
        <line num="31" count="0" type="stmt"/>
        <line num="34" count="0" type="stmt"/>
        <line num="39" count="4" type="stmt"/>
        <line num="40" count="4" type="stmt"/>
        <line num="102" count="1" type="stmt"/>
      </file>
    </package>
    <package name="components.shared.sidebar">
      <metrics statements="3" coveredstatements="3" conditionals="0" coveredconditionals="0" methods="1" coveredmethods="1"/>
      <file name="SideBar.js" path="/Users/oluebubeegbuna/Documents/Projects/SendIT-React/src/components/shared/sidebar/SideBar.js">
        <metrics statements="3" coveredstatements="3" conditionals="0" coveredconditionals="0" methods="1" coveredmethods="1"/>
        <line num="5" count="1" type="stmt"/>
        <line num="10" count="1" type="stmt"/>
        <line num="11" count="1" type="stmt"/>
      </file>
    </package>
    <package name="reducers">
      <metrics statements="18" coveredstatements="15" conditionals="14" coveredconditionals="11" methods="4" coveredmethods="4"/>
      <file name="authReducer.js" path="/Users/oluebubeegbuna/Documents/Projects/SendIT-React/src/reducers/authReducer.js">
        <metrics statements="5" coveredstatements="5" conditionals="4" coveredconditionals="4" methods="1" coveredmethods="1"/>
        <line num="1" count="10" type="stmt"/>
        <line num="7" count="29" type="cond" truecount="3" falsecount="0"/>
        <line num="9" count="1" type="stmt"/>
        <line num="15" count="1" type="stmt"/>
        <line num="21" count="27" type="stmt"/>
      </file>
      <file name="index.js" path="/Users/oluebubeegbuna/Documents/Projects/SendIT-React/src/reducers/index.js">
        <metrics statements="0" coveredstatements="0" conditionals="0" coveredconditionals="0" methods="0" coveredmethods="0"/>
      </file>
      <file name="userParcelsReducer.js" path="/Users/oluebubeegbuna/Documents/Projects/SendIT-React/src/reducers/userParcelsReducer.js">
        <metrics statements="13" coveredstatements="10" conditionals="10" coveredconditionals="7" methods="3" coveredmethods="3"/>
        <line num="7" count="30" type="cond" truecount="4" falsecount="1"/>
        <line num="9" count="1" type="stmt"/>
        <line num="15" count="0" type="stmt"/>
        <line num="21" count="1" type="stmt"/>
        <line num="22" count="1" type="cond" truecount="1" falsecount="1"/>
        <line num="23" count="0" type="stmt"/>
        <line num="25" count="1" type="stmt"/>
        <line num="27" count="1" type="stmt"/>
        <line num="30" count="1" type="stmt"/>
        <line num="31" count="1" type="cond" truecount="1" falsecount="1"/>
        <line num="32" count="0" type="stmt"/>
        <line num="34" count="1" type="stmt"/>
        <line num="38" count="28" type="stmt"/>
      </file>
    </package>
    <package name="reducers.test">
      <metrics statements="0" coveredstatements="0" conditionals="0" coveredconditionals="0" methods="0" coveredmethods="0"/>
      <file name="parcel.js" path="/Users/oluebubeegbuna/Documents/Projects/SendIT-React/src/reducers/test/parcel.js">
        <metrics statements="0" coveredstatements="0" conditionals="0" coveredconditionals="0" methods="0" coveredmethods="0"/>
      </file>
    </package>
    <package name="store">
      <metrics statements="3" coveredstatements="3" conditionals="0" coveredconditionals="0" methods="0" coveredmethods="0"/>
      <file name="Store.js" path="/Users/oluebubeegbuna/Documents/Projects/SendIT-React/src/store/Store.js">
        <metrics statements="3" coveredstatements="3" conditionals="0" coveredconditionals="0" methods="0" coveredmethods="0"/>
        <line num="6" count="9" type="stmt"/>
        <line num="8" count="9" type="stmt"/>
        <line num="10" count="9" type="stmt"/>
      </file>
      <file name="index.js" path="/Users/oluebubeegbuna/Documents/Projects/SendIT-React/src/store/index.js">
        <metrics statements="0" coveredstatements="0" conditionals="0" coveredconditionals="0" methods="0" coveredmethods="0"/>
      </file>
    </package>
    <package name="styles">
      <metrics statements="0" coveredstatements="0" conditionals="0" coveredconditionals="0" methods="0" coveredmethods="0"/>
      <file name="colors.js" path="/Users/oluebubeegbuna/Documents/Projects/SendIT-React/src/styles/colors.js">
        <metrics statements="0" coveredstatements="0" conditionals="0" coveredconditionals="0" methods="0" coveredmethods="0"/>
      </file>
    </package>
  </project>
</coverage>
