{"/Users/oluebubeegbuna/Documents/Projects/SendIT-React/src/actions/authActions.js": {"path":"/Users/oluebubeegbuna/Documents/Projects/SendIT-React/src/actions/authActions.js","statementMap":{"0":{"start":{"line":3,"column":13},"end":{"line":3,"column":46}},"1":{"start":{"line":4,"column":25},"end":{"line":18,"column":1}},"2":{"start":{"line":4,"column":40},"end":{"line":18,"column":1}},"3":{"start":{"line":5,"column":1},"end":{"line":17,"column":4}},"4":{"start":{"line":8,"column":4},"end":{"line":10,"column":5}},"5":{"start":{"line":9,"column":6},"end":{"line":9,"column":35}},"6":{"start":{"line":11,"column":4},"end":{"line":11,"column":66}},"7":{"start":{"line":12,"column":21},"end":{"line":12,"column":72}},"8":{"start":{"line":13,"column":4},"end":{"line":13,"column":51}},"9":{"start":{"line":14,"column":3},"end":{"line":14,"column":18}},"10":{"start":{"line":16,"column":6},"end":{"line":16,"column":18}},"11":{"start":{"line":20,"column":26},"end":{"line":23,"column":1}},"12":{"start":{"line":20,"column":32},"end":{"line":23,"column":1}},"13":{"start":{"line":21,"column":2},"end":{"line":21,"column":46}},"14":{"start":{"line":22,"column":2},"end":{"line":22,"column":52}},"15":{"start":{"line":25,"column":26},"end":{"line":37,"column":1}},"16":{"start":{"line":25,"column":42},"end":{"line":37,"column":1}},"17":{"start":{"line":26,"column":2},"end":{"line":36,"column":4}},"18":{"start":{"line":29,"column":6},"end":{"line":32,"column":8}},"19":{"start":{"line":35,"column":4},"end":{"line":35,"column":15}}},"fnMap":{"0":{"name":"(anonymous_0)","decl":{"start":{"line":4,"column":25},"end":{"line":4,"column":26}},"loc":{"start":{"line":4,"column":40},"end":{"line":18,"column":1}},"line":4},"1":{"name":"(anonymous_1)","decl":{"start":{"line":4,"column":40},"end":{"line":4,"column":41}},"loc":{"start":{"line":4,"column":54},"end":{"line":18,"column":1}},"line":4},"2":{"name":"(anonymous_2)","decl":{"start":{"line":7,"column":8},"end":{"line":7,"column":9}},"loc":{"start":{"line":7,"column":22},"end":{"line":15,"column":3}},"line":7},"3":{"name":"(anonymous_3)","decl":{"start":{"line":15,"column":11},"end":{"line":15,"column":12}},"loc":{"start":{"line":15,"column":21},"end":{"line":17,"column":3}},"line":15},"4":{"name":"(anonymous_4)","decl":{"start":{"line":20,"column":26},"end":{"line":20,"column":27}},"loc":{"start":{"line":20,"column":32},"end":{"line":23,"column":1}},"line":20},"5":{"name":"(anonymous_5)","decl":{"start":{"line":20,"column":32},"end":{"line":20,"column":33}},"loc":{"start":{"line":20,"column":46},"end":{"line":23,"column":1}},"line":20},"6":{"name":"(anonymous_6)","decl":{"start":{"line":25,"column":26},"end":{"line":25,"column":27}},"loc":{"start":{"line":25,"column":42},"end":{"line":37,"column":1}},"line":25},"7":{"name":"(anonymous_7)","decl":{"start":{"line":25,"column":42},"end":{"line":25,"column":43}},"loc":{"start":{"line":25,"column":56},"end":{"line":37,"column":1}},"line":25},"8":{"name":"(anonymous_8)","decl":{"start":{"line":28,"column":8},"end":{"line":28,"column":9}},"loc":{"start":{"line":28,"column":21},"end":{"line":33,"column":3}},"line":28},"9":{"name":"(anonymous_9)","decl":{"start":{"line":34,"column":9},"end":{"line":34,"column":10}},"loc":{"start":{"line":34,"column":13},"end":{"line":36,"column":3}},"line":34}},"branchMap":{"0":{"loc":{"start":{"line":8,"column":4},"end":{"line":10,"column":5}},"type":"if","locations":[{"start":{"line":8,"column":4},"end":{"line":10,"column":5}},{"start":{"line":8,"column":4},"end":{"line":10,"column":5}}],"line":8}},"s":{"0":3,"1":3,"2":1,"3":1,"4":1,"5":0,"6":1,"7":1,"8":1,"9":1,"10":0,"11":3,"12":1,"13":1,"14":1,"15":3,"16":1,"17":1,"18":1,"19":0},"f":{"0":1,"1":1,"2":1,"3":0,"4":1,"5":1,"6":1,"7":1,"8":1,"9":0},"b":{"0":[0,1]},"_coverageSchema":"43e27e138ebf9cfc5966b082cf9a028302ed4184","hash":"515f8c44edcb757132e72871d0ba5567649b21eb"}
,"/Users/oluebubeegbuna/Documents/Projects/SendIT-React/src/actions/userActions.js": {"path":"/Users/oluebubeegbuna/Documents/Projects/SendIT-React/src/actions/userActions.js","statementMap":{"0":{"start":{"line":4,"column":13},"end":{"line":4,"column":46}},"1":{"start":{"line":5,"column":30},"end":{"line":23,"column":1}},"2":{"start":{"line":5,"column":36},"end":{"line":23,"column":1}},"3":{"start":{"line":6,"column":1},"end":{"line":21,"column":6}},"4":{"start":{"line":13,"column":6},"end":{"line":18,"column":7}},"5":{"start":{"line":14,"column":8},"end":{"line":14,"column":23}},"6":{"start":{"line":17,"column":8},"end":{"line":17,"column":76}},"7":{"start":{"line":20,"column":8},"end":{"line":20,"column":19}},"8":{"start":{"line":25,"column":28},"end":{"line":41,"column":1}},"9":{"start":{"line":25,"column":62},"end":{"line":41,"column":1}},"10":{"start":{"line":26,"column":2},"end":{"line":40,"column":6}},"11":{"start":{"line":33,"column":6},"end":{"line":36,"column":7}},"12":{"start":{"line":34,"column":8},"end":{"line":34,"column":22}},"13":{"start":{"line":35,"column":8},"end":{"line":35,"column":86}},"14":{"start":{"line":39,"column":6},"end":{"line":39,"column":17}},"15":{"start":{"line":43,"column":32},"end":{"line":57,"column":1}},"16":{"start":{"line":43,"column":59},"end":{"line":57,"column":1}},"17":{"start":{"line":44,"column":2},"end":{"line":56,"column":6}},"18":{"start":{"line":51,"column":8},"end":{"line":51,"column":22}},"19":{"start":{"line":52,"column":8},"end":{"line":52,"column":85}},"20":{"start":{"line":55,"column":6},"end":{"line":55,"column":17}},"21":{"start":{"line":59,"column":43},"end":{"line":72,"column":1}},"22":{"start":{"line":59,"column":74},"end":{"line":72,"column":1}},"23":{"start":{"line":60,"column":2},"end":{"line":71,"column":6}},"24":{"start":{"line":67,"column":8},"end":{"line":67,"column":90}},"25":{"start":{"line":70,"column":6},"end":{"line":70,"column":17}}},"fnMap":{"0":{"name":"(anonymous_0)","decl":{"start":{"line":5,"column":30},"end":{"line":5,"column":31}},"loc":{"start":{"line":5,"column":36},"end":{"line":23,"column":1}},"line":5},"1":{"name":"(anonymous_1)","decl":{"start":{"line":5,"column":36},"end":{"line":5,"column":37}},"loc":{"start":{"line":5,"column":50},"end":{"line":23,"column":1}},"line":5},"2":{"name":"(anonymous_2)","decl":{"start":{"line":12,"column":10},"end":{"line":12,"column":11}},"loc":{"start":{"line":12,"column":24},"end":{"line":19,"column":5}},"line":12},"3":{"name":"(anonymous_3)","decl":{"start":{"line":19,"column":13},"end":{"line":19,"column":14}},"loc":{"start":{"line":19,"column":22},"end":{"line":21,"column":5}},"line":19},"4":{"name":"(anonymous_4)","decl":{"start":{"line":25,"column":28},"end":{"line":25,"column":29}},"loc":{"start":{"line":25,"column":62},"end":{"line":41,"column":1}},"line":25},"5":{"name":"(anonymous_5)","decl":{"start":{"line":25,"column":62},"end":{"line":25,"column":63}},"loc":{"start":{"line":25,"column":76},"end":{"line":41,"column":1}},"line":25},"6":{"name":"(anonymous_6)","decl":{"start":{"line":32,"column":10},"end":{"line":32,"column":11}},"loc":{"start":{"line":32,"column":23},"end":{"line":37,"column":5}},"line":32},"7":{"name":"(anonymous_7)","decl":{"start":{"line":38,"column":11},"end":{"line":38,"column":12}},"loc":{"start":{"line":38,"column":20},"end":{"line":40,"column":5}},"line":38},"8":{"name":"(anonymous_8)","decl":{"start":{"line":43,"column":32},"end":{"line":43,"column":33}},"loc":{"start":{"line":43,"column":59},"end":{"line":57,"column":1}},"line":43},"9":{"name":"(anonymous_9)","decl":{"start":{"line":43,"column":59},"end":{"line":43,"column":60}},"loc":{"start":{"line":43,"column":73},"end":{"line":57,"column":1}},"line":43},"10":{"name":"(anonymous_10)","decl":{"start":{"line":50,"column":11},"end":{"line":50,"column":12}},"loc":{"start":{"line":50,"column":25},"end":{"line":53,"column":5}},"line":50},"11":{"name":"(anonymous_11)","decl":{"start":{"line":54,"column":11},"end":{"line":54,"column":12}},"loc":{"start":{"line":54,"column":20},"end":{"line":56,"column":5}},"line":54},"12":{"name":"(anonymous_12)","decl":{"start":{"line":59,"column":43},"end":{"line":59,"column":44}},"loc":{"start":{"line":59,"column":74},"end":{"line":72,"column":1}},"line":59},"13":{"name":"(anonymous_13)","decl":{"start":{"line":59,"column":74},"end":{"line":59,"column":75}},"loc":{"start":{"line":59,"column":88},"end":{"line":72,"column":1}},"line":59},"14":{"name":"(anonymous_14)","decl":{"start":{"line":66,"column":11},"end":{"line":66,"column":12}},"loc":{"start":{"line":66,"column":25},"end":{"line":68,"column":5}},"line":66},"15":{"name":"(anonymous_15)","decl":{"start":{"line":69,"column":11},"end":{"line":69,"column":12}},"loc":{"start":{"line":69,"column":20},"end":{"line":71,"column":5}},"line":69}},"branchMap":{"0":{"loc":{"start":{"line":13,"column":6},"end":{"line":18,"column":7}},"type":"if","locations":[{"start":{"line":13,"column":6},"end":{"line":18,"column":7}},{"start":{"line":13,"column":6},"end":{"line":18,"column":7}}],"line":13},"1":{"loc":{"start":{"line":33,"column":6},"end":{"line":36,"column":7}},"type":"if","locations":[{"start":{"line":33,"column":6},"end":{"line":36,"column":7}},{"start":{"line":33,"column":6},"end":{"line":36,"column":7}}],"line":33}},"s":{"0":3,"1":3,"2":2,"3":2,"4":1,"5":0,"6":1,"7":0,"8":3,"9":1,"10":1,"11":1,"12":1,"13":1,"14":0,"15":3,"16":1,"17":1,"18":1,"19":1,"20":0,"21":3,"22":1,"23":1,"24":1,"25":0},"f":{"0":2,"1":2,"2":1,"3":0,"4":1,"5":1,"6":1,"7":0,"8":1,"9":1,"10":1,"11":0,"12":1,"13":1,"14":1,"15":0},"b":{"0":[0,1],"1":[1,0]},"_coverageSchema":"43e27e138ebf9cfc5966b082cf9a028302ed4184","hash":"dac1c9a93198f0c7b62b4426391516f49d72db75"}
,"/Users/oluebubeegbuna/Documents/Projects/SendIT-React/src/auth/authorizeUser.js": {"path":"/Users/oluebubeegbuna/Documents/Projects/SendIT-React/src/auth/authorizeUser.js","statementMap":{"0":{"start":{"line":1,"column":28},"end":{"line":8,"column":1}},"1":{"start":{"line":2,"column":17},"end":{"line":2,"column":58}},"2":{"start":{"line":3,"column":2},"end":{"line":7,"column":3}},"3":{"start":{"line":4,"column":4},"end":{"line":4,"column":19}},"4":{"start":{"line":6,"column":4},"end":{"line":6,"column":27}}},"fnMap":{"0":{"name":"(anonymous_0)","decl":{"start":{"line":1,"column":28},"end":{"line":1,"column":29}},"loc":{"start":{"line":1,"column":34},"end":{"line":8,"column":1}},"line":1}},"branchMap":{"0":{"loc":{"start":{"line":3,"column":2},"end":{"line":7,"column":3}},"type":"if","locations":[{"start":{"line":3,"column":2},"end":{"line":7,"column":3}},{"start":{"line":3,"column":2},"end":{"line":7,"column":3}}],"line":3}},"s":{"0":3,"1":5,"2":5,"3":0,"4":5},"f":{"0":5},"b":{"0":[0,5]},"_coverageSchema":"43e27e138ebf9cfc5966b082cf9a028302ed4184","hash":"262c6ec39b1348fe2acceb81e172ad1103e8dfc0"}
,"/Users/oluebubeegbuna/Documents/Projects/SendIT-React/src/components/shared/button/Button.js": {"path":"/Users/oluebubeegbuna/Documents/Projects/SendIT-React/src/components/shared/button/Button.js","statementMap":{"0":{"start":{"line":5,"column":15},"end":{"line":9,"column":1}},"1":{"start":{"line":6,"column":2},"end":{"line":8,"column":3}}},"fnMap":{"0":{"name":"(anonymous_0)","decl":{"start":{"line":5,"column":15},"end":{"line":5,"column":16}},"loc":{"start":{"line":5,"column":21},"end":{"line":9,"column":1}},"line":5}},"branchMap":{},"s":{"0":1,"1":1},"f":{"0":1},"b":{},"_coverageSchema":"43e27e138ebf9cfc5966b082cf9a028302ed4184","hash":"ed5fedfd37b50e15a6f46e47e21bfedb7b15a72f"}
,"/Users/oluebubeegbuna/Documents/Projects/SendIT-React/src/components/shared/dashboard-table/DashboardTable.js": {"path":"/Users/oluebubeegbuna/Documents/Projects/SendIT-React/src/components/shared/dashboard-table/DashboardTable.js","statementMap":{"0":{"start":{"line":15,"column":4},"end":{"line":15,"column":11}},"1":{"start":{"line":16,"column":4},"end":{"line":16,"column":75}},"2":{"start":{"line":17,"column":4},"end":{"line":17,"column":58}},"3":{"start":{"line":18,"column":2},"end":{"line":18,"column":58}},"4":{"start":{"line":23,"column":4},"end":{"line":23,"column":53}},"5":{"start":{"line":27,"column":2},"end":{"line":27,"column":87}},"6":{"start":{"line":27,"column":69},"end":{"line":27,"column":83}},"7":{"start":{"line":31,"column":4},"end":{"line":31,"column":55}},"8":{"start":{"line":35,"column":2},"end":{"line":41,"column":4}},"9":{"start":{"line":37,"column":4},"end":{"line":37,"column":57}},"10":{"start":{"line":40,"column":3},"end":{"line":40,"column":67}},"11":{"start":{"line":45,"column":18},"end":{"line":45,"column":40}},"12":{"start":{"line":46,"column":16},"end":{"line":46,"column":45}},"13":{"start":{"line":47,"column":26},"end":{"line":47,"column":101}},"14":{"start":{"line":47,"column":66},"end":{"line":47,"column":93}},"15":{"start":{"line":48,"column":25},"end":{"line":48,"column":99}},"16":{"start":{"line":48,"column":65},"end":{"line":48,"column":91}},"17":{"start":{"line":49,"column":27},"end":{"line":49,"column":103}},"18":{"start":{"line":49,"column":67},"end":{"line":49,"column":95}},"19":{"start":{"line":50,"column":24},"end":{"line":71,"column":4}},"20":{"start":{"line":51,"column":3},"end":{"line":70,"column":4}},"21":{"start":{"line":63,"column":9},"end":{"line":64,"column":46}},"22":{"start":{"line":73,"column":2},"end":{"line":146,"column":3}},"23":{"start":{"line":81,"column":47},"end":{"line":81,"column":69}},"24":{"start":{"line":151,"column":24},"end":{"line":153,"column":2}},"25":{"start":{"line":151,"column":34},"end":{"line":153,"column":1}}},"fnMap":{"0":{"name":"(anonymous_0)","decl":{"start":{"line":14,"column":1},"end":{"line":14,"column":2}},"loc":{"start":{"line":14,"column":15},"end":{"line":20,"column":2}},"line":14},"1":{"name":"(anonymous_1)","decl":{"start":{"line":22,"column":2},"end":{"line":22,"column":3}},"loc":{"start":{"line":22,"column":20},"end":{"line":24,"column":2}},"line":22},"2":{"name":"(anonymous_2)","decl":{"start":{"line":26,"column":1},"end":{"line":26,"column":2}},"loc":{"start":{"line":26,"column":23},"end":{"line":28,"column":2}},"line":26},"3":{"name":"(anonymous_3)","decl":{"start":{"line":27,"column":61},"end":{"line":27,"column":62}},"loc":{"start":{"line":27,"column":69},"end":{"line":27,"column":83}},"line":27},"4":{"name":"(anonymous_4)","decl":{"start":{"line":30,"column":1},"end":{"line":30,"column":2}},"loc":{"start":{"line":30,"column":20},"end":{"line":32,"column":2}},"line":30},"5":{"name":"(anonymous_5)","decl":{"start":{"line":34,"column":1},"end":{"line":34,"column":2}},"loc":{"start":{"line":34,"column":21},"end":{"line":42,"column":2}},"line":34},"6":{"name":"(anonymous_6)","decl":{"start":{"line":36,"column":8},"end":{"line":36,"column":9}},"loc":{"start":{"line":36,"column":12},"end":{"line":38,"column":3}},"line":36},"7":{"name":"(anonymous_7)","decl":{"start":{"line":39,"column":9},"end":{"line":39,"column":10}},"loc":{"start":{"line":39,"column":19},"end":{"line":41,"column":3}},"line":39},"8":{"name":"(anonymous_8)","decl":{"start":{"line":44,"column":2},"end":{"line":44,"column":3}},"loc":{"start":{"line":44,"column":11},"end":{"line":147,"column":2}},"line":44},"9":{"name":"(anonymous_9)","decl":{"start":{"line":47,"column":56},"end":{"line":47,"column":57}},"loc":{"start":{"line":47,"column":66},"end":{"line":47,"column":93}},"line":47},"10":{"name":"(anonymous_10)","decl":{"start":{"line":48,"column":55},"end":{"line":48,"column":56}},"loc":{"start":{"line":48,"column":65},"end":{"line":48,"column":91}},"line":48},"11":{"name":"(anonymous_11)","decl":{"start":{"line":49,"column":57},"end":{"line":49,"column":58}},"loc":{"start":{"line":49,"column":67},"end":{"line":49,"column":95}},"line":49},"12":{"name":"(anonymous_12)","decl":{"start":{"line":50,"column":36},"end":{"line":50,"column":37}},"loc":{"start":{"line":50,"column":59},"end":{"line":71,"column":3}},"line":50},"13":{"name":"(anonymous_13)","decl":{"start":{"line":62,"column":17},"end":{"line":62,"column":18}},"loc":{"start":{"line":62,"column":23},"end":{"line":65,"column":9}},"line":62},"14":{"name":"(anonymous_14)","decl":{"start":{"line":81,"column":41},"end":{"line":81,"column":42}},"loc":{"start":{"line":81,"column":47},"end":{"line":81,"column":69}},"line":81},"15":{"name":"(anonymous_15)","decl":{"start":{"line":151,"column":24},"end":{"line":151,"column":25}},"loc":{"start":{"line":151,"column":34},"end":{"line":153,"column":1}},"line":151}},"branchMap":{"0":{"loc":{"start":{"line":152,"column":15},"end":{"line":152,"column":38}},"type":"binary-expr","locations":[{"start":{"line":152,"column":15},"end":{"line":152,"column":32}},{"start":{"line":152,"column":36},"end":{"line":152,"column":38}}],"line":152}},"s":{"0":1,"1":1,"2":1,"3":1,"4":0,"5":0,"6":0,"7":0,"8":1,"9":0,"10":0,"11":1,"12":1,"13":1,"14":0,"15":1,"16":0,"17":1,"18":0,"19":1,"20":0,"21":0,"22":1,"23":0,"24":1,"25":1},"f":{"0":1,"1":0,"2":0,"3":0,"4":0,"5":1,"6":0,"7":0,"8":1,"9":0,"10":0,"11":0,"12":0,"13":0,"14":0,"15":1},"b":{"0":[1,0]},"_coverageSchema":"43e27e138ebf9cfc5966b082cf9a028302ed4184","hash":"c39cb9d1c152736bbcdafab2ade1eae56252e8e9"}
,"/Users/oluebubeegbuna/Documents/Projects/SendIT-React/src/components/shared/footer/Footer.js": {"path":"/Users/oluebubeegbuna/Documents/Projects/SendIT-React/src/components/shared/footer/Footer.js","statementMap":{"0":{"start":{"line":5,"column":15},"end":{"line":17,"column":1}},"1":{"start":{"line":6,"column":2},"end":{"line":16,"column":3}}},"fnMap":{"0":{"name":"(anonymous_0)","decl":{"start":{"line":5,"column":15},"end":{"line":5,"column":16}},"loc":{"start":{"line":5,"column":21},"end":{"line":17,"column":1}},"line":5}},"branchMap":{},"s":{"0":1,"1":1},"f":{"0":1},"b":{},"_coverageSchema":"43e27e138ebf9cfc5966b082cf9a028302ed4184","hash":"ef74a4f6ef88d9c55c2ccc8d7d56e54b408689ad"}
,"/Users/oluebubeegbuna/Documents/Projects/SendIT-React/src/components/shared/header/Header.js": {"path":"/Users/oluebubeegbuna/Documents/Projects/SendIT-React/src/components/shared/header/Header.js","statementMap":{"0":{"start":{"line":7,"column":15},"end":{"line":20,"column":1}},"1":{"start":{"line":8,"column":2},"end":{"line":19,"column":3}}},"fnMap":{"0":{"name":"(anonymous_0)","decl":{"start":{"line":7,"column":15},"end":{"line":7,"column":16}},"loc":{"start":{"line":7,"column":21},"end":{"line":20,"column":1}},"line":7}},"branchMap":{},"s":{"0":1,"1":1},"f":{"0":1},"b":{},"_coverageSchema":"43e27e138ebf9cfc5966b082cf9a028302ed4184","hash":"6da9ebb14081bfed4d116626332e43775455b6eb"}
,"/Users/oluebubeegbuna/Documents/Projects/SendIT-React/src/components/shared/login-form/LoginForm.js": {"path":"/Users/oluebubeegbuna/Documents/Projects/SendIT-React/src/components/shared/login-form/LoginForm.js","statementMap":{"0":{"start":{"line":17,"column":22},"end":{"line":17,"column":72}},"1":{"start":{"line":20,"column":4},"end":{"line":20,"column":23}},"2":{"start":{"line":21,"column":22},"end":{"line":21,"column":32}},"3":{"start":{"line":23,"column":4},"end":{"line":25,"column":6}},"4":{"start":{"line":26,"column":4},"end":{"line":33,"column":6}},"5":{"start":{"line":28,"column":5},"end":{"line":28,"column":45}},"6":{"start":{"line":31,"column":6},"end":{"line":31,"column":37}},"7":{"start":{"line":32,"column":6},"end":{"line":32,"column":92}},"8":{"start":{"line":37,"column":4},"end":{"line":38,"column":41}},"9":{"start":{"line":38,"column":4},"end":{"line":38,"column":41}},"10":{"start":{"line":42,"column":4},"end":{"line":43,"column":41}},"11":{"start":{"line":43,"column":4},"end":{"line":43,"column":41}},"12":{"start":{"line":46,"column":30},"end":{"line":46,"column":40}},"13":{"start":{"line":47,"column":4},"end":{"line":73,"column":5}},"14":{"start":{"line":77,"column":24},"end":{"line":79,"column":2}},"15":{"start":{"line":77,"column":34},"end":{"line":79,"column":1}}},"fnMap":{"0":{"name":"(anonymous_0)","decl":{"start":{"line":17,"column":17},"end":{"line":17,"column":18}},"loc":{"start":{"line":17,"column":22},"end":{"line":17,"column":72}},"line":17},"1":{"name":"(anonymous_1)","decl":{"start":{"line":19,"column":16},"end":{"line":19,"column":17}},"loc":{"start":{"line":19,"column":28},"end":{"line":34,"column":3}},"line":19},"2":{"name":"(anonymous_2)","decl":{"start":{"line":27,"column":10},"end":{"line":27,"column":11}},"loc":{"start":{"line":27,"column":15},"end":{"line":29,"column":5}},"line":27},"3":{"name":"(anonymous_3)","decl":{"start":{"line":30,"column":11},"end":{"line":30,"column":12}},"loc":{"start":{"line":30,"column":16},"end":{"line":33,"column":5}},"line":30},"4":{"name":"(anonymous_4)","decl":{"start":{"line":36,"column":2},"end":{"line":36,"column":3}},"loc":{"start":{"line":36,"column":22},"end":{"line":39,"column":3}},"line":36},"5":{"name":"(anonymous_5)","decl":{"start":{"line":41,"column":2},"end":{"line":41,"column":3}},"loc":{"start":{"line":41,"column":39},"end":{"line":44,"column":3}},"line":41},"6":{"name":"(anonymous_6)","decl":{"start":{"line":45,"column":2},"end":{"line":45,"column":3}},"loc":{"start":{"line":45,"column":11},"end":{"line":74,"column":3}},"line":45},"7":{"name":"(anonymous_7)","decl":{"start":{"line":77,"column":24},"end":{"line":77,"column":25}},"loc":{"start":{"line":77,"column":34},"end":{"line":79,"column":1}},"line":77}},"branchMap":{"0":{"loc":{"start":{"line":37,"column":4},"end":{"line":38,"column":41}},"type":"if","locations":[{"start":{"line":37,"column":4},"end":{"line":38,"column":41}},{"start":{"line":37,"column":4},"end":{"line":38,"column":41}}],"line":37},"1":{"loc":{"start":{"line":42,"column":4},"end":{"line":43,"column":41}},"type":"if","locations":[{"start":{"line":42,"column":4},"end":{"line":43,"column":41}},{"start":{"line":42,"column":4},"end":{"line":43,"column":41}}],"line":42}},"s":{"0":1,"1":1,"2":1,"3":1,"4":1,"5":0,"6":0,"7":0,"8":3,"9":3,"10":0,"11":0,"12":5,"13":5,"14":1,"15":0},"f":{"0":1,"1":1,"2":0,"3":0,"4":3,"5":0,"6":5,"7":0},"b":{"0":[3,0],"1":[0,0]},"_coverageSchema":"43e27e138ebf9cfc5966b082cf9a028302ed4184","hash":"f5f88ab02c420151228f91f983ae8ba715367700"}
,"/Users/oluebubeegbuna/Documents/Projects/SendIT-React/src/components/shared/main-content/MainContent.js": {"path":"/Users/oluebubeegbuna/Documents/Projects/SendIT-React/src/components/shared/main-content/MainContent.js","statementMap":{"0":{"start":{"line":4,"column":20},"end":{"line":10,"column":1}},"1":{"start":{"line":5,"column":2},"end":{"line":9,"column":3}}},"fnMap":{"0":{"name":"(anonymous_0)","decl":{"start":{"line":4,"column":20},"end":{"line":4,"column":21}},"loc":{"start":{"line":4,"column":38},"end":{"line":10,"column":1}},"line":4}},"branchMap":{},"s":{"0":1,"1":1},"f":{"0":1},"b":{},"_coverageSchema":"43e27e138ebf9cfc5966b082cf9a028302ed4184","hash":"5b56c67e9e8771b3b222f16b781935851dd99d11"}
,"/Users/oluebubeegbuna/Documents/Projects/SendIT-React/src/components/shared/modal/ChangeDestination.js": {"path":"/Users/oluebubeegbuna/Documents/Projects/SendIT-React/src/components/shared/modal/ChangeDestination.js","statementMap":{"0":{"start":{"line":4,"column":32},"end":{"line":30,"column":1}},"1":{"start":{"line":6,"column":2},"end":{"line":29,"column":3}}},"fnMap":{"0":{"name":"(anonymous_0)","decl":{"start":{"line":4,"column":32},"end":{"line":4,"column":33}},"loc":{"start":{"line":4,"column":62},"end":{"line":30,"column":1}},"line":4}},"branchMap":{"0":{"loc":{"start":{"line":8,"column":9},"end":{"line":23,"column":16}},"type":"binary-expr","locations":[{"start":{"line":8,"column":9},"end":{"line":8,"column":19}},{"start":{"line":9,"column":8},"end":{"line":23,"column":16}}],"line":8},"1":{"loc":{"start":{"line":26,"column":11},"end":{"line":26,"column":56}},"type":"cond-expr","locations":[{"start":{"line":26,"column":24},"end":{"line":26,"column":30}},{"start":{"line":26,"column":33},"end":{"line":26,"column":56}}],"line":26}},"s":{"0":1,"1":0},"f":{"0":0},"b":{"0":[0,0],"1":[0,0]},"_coverageSchema":"43e27e138ebf9cfc5966b082cf9a028302ed4184","hash":"7347c6e6fb76b77ddd6913b8e56ff593a8f25a7e"}
,"/Users/oluebubeegbuna/Documents/Projects/SendIT-React/src/components/shared/modal/Modal.js": {"path":"/Users/oluebubeegbuna/Documents/Projects/SendIT-React/src/components/shared/modal/Modal.js","statementMap":{"0":{"start":{"line":4,"column":14},"end":{"line":18,"column":1}},"1":{"start":{"line":8,"column":2},"end":{"line":8,"column":42}},"2":{"start":{"line":9,"column":2},"end":{"line":17,"column":3}},"3":{"start":{"line":14,"column":31},"end":{"line":14,"column":48}}},"fnMap":{"0":{"name":"(anonymous_0)","decl":{"start":{"line":4,"column":14},"end":{"line":4,"column":15}},"loc":{"start":{"line":7,"column":6},"end":{"line":18,"column":1}},"line":7},"1":{"name":"(anonymous_1)","decl":{"start":{"line":14,"column":25},"end":{"line":14,"column":26}},"loc":{"start":{"line":14,"column":31},"end":{"line":14,"column":48}},"line":14}},"branchMap":{},"s":{"0":2,"1":1,"2":1,"3":1},"f":{"0":1,"1":1},"b":{},"_coverageSchema":"43e27e138ebf9cfc5966b082cf9a028302ed4184","hash":"f9b3ebd23d81a817cf1a9d4b9b65a2cb171e58cc"}
,"/Users/oluebubeegbuna/Documents/Projects/SendIT-React/src/components/shared/modal/NewParcel.js": {"path":"/Users/oluebubeegbuna/Documents/Projects/SendIT-React/src/components/shared/modal/NewParcel.js","statementMap":{"0":{"start":{"line":19,"column":22},"end":{"line":19,"column":72}},"1":{"start":{"line":22,"column":31},"end":{"line":22,"column":41}},"2":{"start":{"line":23,"column":4},"end":{"line":23,"column":23}},"3":{"start":{"line":24,"column":28},"end":{"line":24,"column":38}},"4":{"start":{"line":26,"column":4},"end":{"line":28,"column":6}},"5":{"start":{"line":29,"column":4},"end":{"line":35,"column":6}},"6":{"start":{"line":31,"column":8},"end":{"line":31,"column":35}},"7":{"start":{"line":34,"column":6},"end":{"line":34,"column":58}},"8":{"start":{"line":39,"column":41},"end":{"line":39,"column":51}},"9":{"start":{"line":40,"column":85},"end":{"line":40,"column":95}},"10":{"start":{"line":41,"column":4},"end":{"line":111,"column":5}},"11":{"start":{"line":114,"column":24},"end":{"line":116,"column":2}},"12":{"start":{"line":114,"column":34},"end":{"line":116,"column":1}}},"fnMap":{"0":{"name":"(anonymous_0)","decl":{"start":{"line":19,"column":17},"end":{"line":19,"column":18}},"loc":{"start":{"line":19,"column":22},"end":{"line":19,"column":72}},"line":19},"1":{"name":"(anonymous_1)","decl":{"start":{"line":21,"column":16},"end":{"line":21,"column":17}},"loc":{"start":{"line":21,"column":28},"end":{"line":36,"column":3}},"line":21},"2":{"name":"(anonymous_2)","decl":{"start":{"line":30,"column":10},"end":{"line":30,"column":11}},"loc":{"start":{"line":30,"column":15},"end":{"line":32,"column":5}},"line":30},"3":{"name":"(anonymous_3)","decl":{"start":{"line":33,"column":11},"end":{"line":33,"column":12}},"loc":{"start":{"line":33,"column":17},"end":{"line":35,"column":5}},"line":33},"4":{"name":"(anonymous_4)","decl":{"start":{"line":38,"column":2},"end":{"line":38,"column":3}},"loc":{"start":{"line":38,"column":10},"end":{"line":112,"column":3}},"line":38},"5":{"name":"(anonymous_5)","decl":{"start":{"line":114,"column":24},"end":{"line":114,"column":25}},"loc":{"start":{"line":114,"column":34},"end":{"line":116,"column":1}},"line":114}},"branchMap":{"0":{"loc":{"start":{"line":43,"column":9},"end":{"line":108,"column":16}},"type":"binary-expr","locations":[{"start":{"line":43,"column":9},"end":{"line":43,"column":16}},{"start":{"line":44,"column":8},"end":{"line":108,"column":16}}],"line":43}},"s":{"0":0,"1":0,"2":0,"3":0,"4":0,"5":0,"6":0,"7":0,"8":2,"9":2,"10":2,"11":2,"12":1},"f":{"0":0,"1":0,"2":0,"3":0,"4":2,"5":1},"b":{"0":[2,0]},"_coverageSchema":"43e27e138ebf9cfc5966b082cf9a028302ed4184","hash":"f91a1113b3d82e4fd7039ace0697fe2015d13d62"}
,"/Users/oluebubeegbuna/Documents/Projects/SendIT-React/src/components/shared/modal/ViewParcel.js": {"path":"/Users/oluebubeegbuna/Documents/Projects/SendIT-React/src/components/shared/modal/ViewParcel.js","statementMap":{"0":{"start":{"line":10,"column":4},"end":{"line":10,"column":11}},"1":{"start":{"line":11,"column":4},"end":{"line":11,"column":19}},"2":{"start":{"line":12,"column":4},"end":{"line":12,"column":60}},"3":{"start":{"line":16,"column":32},"end":{"line":16,"column":42}},"4":{"start":{"line":17,"column":4},"end":{"line":17,"column":22}},"5":{"start":{"line":18,"column":21},"end":{"line":18,"column":53}},"6":{"start":{"line":19,"column":4},"end":{"line":25,"column":6}},"7":{"start":{"line":21,"column":6},"end":{"line":21,"column":46}},"8":{"start":{"line":24,"column":6},"end":{"line":24,"column":72}},"9":{"start":{"line":29,"column":61},"end":{"line":29,"column":71}},"10":{"start":{"line":30,"column":4},"end":{"line":68,"column":5}},"11":{"start":{"line":72,"column":24},"end":{"line":74,"column":2}},"12":{"start":{"line":72,"column":34},"end":{"line":74,"column":1}}},"fnMap":{"0":{"name":"(anonymous_0)","decl":{"start":{"line":9,"column":2},"end":{"line":9,"column":3}},"loc":{"start":{"line":9,"column":15},"end":{"line":13,"column":3}},"line":9},"1":{"name":"(anonymous_1)","decl":{"start":{"line":15,"column":23},"end":{"line":15,"column":24}},"loc":{"start":{"line":15,"column":30},"end":{"line":26,"column":3}},"line":15},"2":{"name":"(anonymous_2)","decl":{"start":{"line":20,"column":10},"end":{"line":20,"column":11}},"loc":{"start":{"line":20,"column":16},"end":{"line":22,"column":5}},"line":20},"3":{"name":"(anonymous_3)","decl":{"start":{"line":23,"column":11},"end":{"line":23,"column":12}},"loc":{"start":{"line":23,"column":16},"end":{"line":25,"column":5}},"line":23},"4":{"name":"(anonymous_4)","decl":{"start":{"line":28,"column":2},"end":{"line":28,"column":3}},"loc":{"start":{"line":28,"column":10},"end":{"line":69,"column":3}},"line":28},"5":{"name":"(anonymous_5)","decl":{"start":{"line":72,"column":24},"end":{"line":72,"column":25}},"loc":{"start":{"line":72,"column":34},"end":{"line":74,"column":1}},"line":72}},"branchMap":{"0":{"loc":{"start":{"line":32,"column":9},"end":{"line":65,"column":16}},"type":"binary-expr","locations":[{"start":{"line":32,"column":9},"end":{"line":32,"column":16}},{"start":{"line":33,"column":8},"end":{"line":65,"column":16}}],"line":32}},"s":{"0":2,"1":2,"2":2,"3":0,"4":0,"5":0,"6":0,"7":0,"8":0,"9":2,"10":2,"11":2,"12":2},"f":{"0":2,"1":0,"2":0,"3":0,"4":2,"5":2},"b":{"0":[2,0]},"_coverageSchema":"43e27e138ebf9cfc5966b082cf9a028302ed4184","hash":"2d89cc207c7059a253f4d77ca4d792467e45f44b"}
,"/Users/oluebubeegbuna/Documents/Projects/SendIT-React/src/components/shared/registration-form/RegistrationForm.js": {"path":"/Users/oluebubeegbuna/Documents/Projects/SendIT-React/src/components/shared/registration-form/RegistrationForm.js","statementMap":{"0":{"start":{"line":20,"column":22},"end":{"line":20,"column":72}},"1":{"start":{"line":22,"column":29},"end":{"line":22,"column":63}},"2":{"start":{"line":23,"column":4},"end":{"line":23,"column":23}},"3":{"start":{"line":24,"column":23},"end":{"line":24,"column":33}},"4":{"start":{"line":25,"column":4},"end":{"line":35,"column":6}},"5":{"start":{"line":27,"column":8},"end":{"line":29,"column":10}},"6":{"start":{"line":30,"column":8},"end":{"line":30,"column":67}},"7":{"start":{"line":31,"column":8},"end":{"line":31,"column":41}},"8":{"start":{"line":34,"column":8},"end":{"line":34,"column":60}},"9":{"start":{"line":39,"column":60},"end":{"line":39,"column":70}},"10":{"start":{"line":40,"column":4},"end":{"line":98,"column":5}},"11":{"start":{"line":102,"column":24},"end":{"line":104,"column":2}},"12":{"start":{"line":102,"column":34},"end":{"line":104,"column":1}}},"fnMap":{"0":{"name":"(anonymous_0)","decl":{"start":{"line":20,"column":17},"end":{"line":20,"column":18}},"loc":{"start":{"line":20,"column":22},"end":{"line":20,"column":72}},"line":20},"1":{"name":"(anonymous_1)","decl":{"start":{"line":22,"column":16},"end":{"line":22,"column":17}},"loc":{"start":{"line":22,"column":28},"end":{"line":36,"column":3}},"line":22},"2":{"name":"(anonymous_2)","decl":{"start":{"line":26,"column":10},"end":{"line":26,"column":11}},"loc":{"start":{"line":26,"column":16},"end":{"line":32,"column":5}},"line":26},"3":{"name":"(anonymous_3)","decl":{"start":{"line":33,"column":11},"end":{"line":33,"column":12}},"loc":{"start":{"line":33,"column":20},"end":{"line":35,"column":5}},"line":33},"4":{"name":"(anonymous_4)","decl":{"start":{"line":38,"column":2},"end":{"line":38,"column":3}},"loc":{"start":{"line":38,"column":11},"end":{"line":99,"column":3}},"line":38},"5":{"name":"(anonymous_5)","decl":{"start":{"line":102,"column":24},"end":{"line":102,"column":25}},"loc":{"start":{"line":102,"column":34},"end":{"line":104,"column":1}},"line":102}},"branchMap":{},"s":{"0":1,"1":1,"2":1,"3":1,"4":1,"5":0,"6":0,"7":0,"8":0,"9":4,"10":4,"11":1,"12":0},"f":{"0":1,"1":1,"2":0,"3":0,"4":4,"5":0},"b":{},"_coverageSchema":"43e27e138ebf9cfc5966b082cf9a028302ed4184","hash":"efa1ba26357f4170fccbdb7a1b73aff12efa97e2"}
,"/Users/oluebubeegbuna/Documents/Projects/SendIT-React/src/components/shared/sidebar/SideBar.js": {"path":"/Users/oluebubeegbuna/Documents/Projects/SendIT-React/src/components/shared/sidebar/SideBar.js","statementMap":{"0":{"start":{"line":5,"column":21},"end":{"line":9,"column":1}},"1":{"start":{"line":10,"column":16},"end":{"line":16,"column":1}},"2":{"start":{"line":11,"column":2},"end":{"line":15,"column":3}}},"fnMap":{"0":{"name":"(anonymous_0)","decl":{"start":{"line":10,"column":16},"end":{"line":10,"column":17}},"loc":{"start":{"line":10,"column":22},"end":{"line":16,"column":1}},"line":10}},"branchMap":{},"s":{"0":1,"1":1,"2":1},"f":{"0":1},"b":{},"_coverageSchema":"43e27e138ebf9cfc5966b082cf9a028302ed4184","hash":"93d23d8a71c522c394bdc508c98d94d8bb3de88d"}
,"/Users/oluebubeegbuna/Documents/Projects/SendIT-React/src/reducers/authReducer.js": {"path":"/Users/oluebubeegbuna/Documents/Projects/SendIT-React/src/reducers/authReducer.js","statementMap":{"0":{"start":{"line":1,"column":21},"end":{"line":4,"column":2}},"1":{"start":{"line":7,"column":2},"end":{"line":22,"column":3}},"2":{"start":{"line":9,"column":6},"end":{"line":13,"column":8}},"3":{"start":{"line":15,"column":6},"end":{"line":19,"column":7}},"4":{"start":{"line":21,"column":6},"end":{"line":21,"column":19}}},"fnMap":{"0":{"name":"(anonymous_0)","decl":{"start":{"line":6,"column":16},"end":{"line":6,"column":17}},"loc":{"start":{"line":6,"column":56},"end":{"line":23,"column":2}},"line":6}},"branchMap":{"0":{"loc":{"start":{"line":6,"column":26},"end":{"line":6,"column":46}},"type":"default-arg","locations":[{"start":{"line":6,"column":34},"end":{"line":6,"column":46}}],"line":6},"1":{"loc":{"start":{"line":7,"column":2},"end":{"line":22,"column":3}},"type":"switch","locations":[{"start":{"line":8,"column":4},"end":{"line":13,"column":8}},{"start":{"line":14,"column":4},"end":{"line":19,"column":7}},{"start":{"line":20,"column":4},"end":{"line":21,"column":19}}],"line":7}},"s":{"0":10,"1":29,"2":1,"3":1,"4":27},"f":{"0":29},"b":{"0":[27],"1":[1,1,27]},"_coverageSchema":"43e27e138ebf9cfc5966b082cf9a028302ed4184","hash":"e99115824904229babc7c0d70a2f65e6c1e85aeb"}
,"/Users/oluebubeegbuna/Documents/Projects/SendIT-React/src/reducers/index.js": {"path":"/Users/oluebubeegbuna/Documents/Projects/SendIT-React/src/reducers/index.js","statementMap":{},"fnMap":{},"branchMap":{},"s":{},"f":{},"b":{},"_coverageSchema":"43e27e138ebf9cfc5966b082cf9a028302ed4184","hash":"bb87720e70d270e429daee8b1f64fd17b5be28c5"}
,"/Users/oluebubeegbuna/Documents/Projects/SendIT-React/src/reducers/userParcelsReducer.js": {"path":"/Users/oluebubeegbuna/Documents/Projects/SendIT-React/src/reducers/userParcelsReducer.js","statementMap":{"0":{"start":{"line":7,"column":2},"end":{"line":39,"column":3}},"1":{"start":{"line":9,"column":6},"end":{"line":12,"column":8}},"2":{"start":{"line":15,"column":6},"end":{"line":18,"column":8}},"3":{"start":{"line":21,"column":25},"end":{"line":26,"column":10}},"4":{"start":{"line":22,"column":10},"end":{"line":24,"column":11}},"5":{"start":{"line":23,"column":12},"end":{"line":23,"column":34}},"6":{"start":{"line":25,"column":10},"end":{"line":25,"column":22}},"7":{"start":{"line":27,"column":6},"end":{"line":27,"column":22}},"8":{"start":{"line":30,"column":24},"end":{"line":35,"column":8}},"9":{"start":{"line":31,"column":8},"end":{"line":33,"column":9}},"10":{"start":{"line":32,"column":10},"end":{"line":32,"column":32}},"11":{"start":{"line":34,"column":8},"end":{"line":34,"column":25}},"12":{"start":{"line":38,"column":6},"end":{"line":38,"column":19}}},"fnMap":{"0":{"name":"(anonymous_0)","decl":{"start":{"line":6,"column":16},"end":{"line":6,"column":17}},"loc":{"start":{"line":6,"column":46},"end":{"line":40,"column":2}},"line":6},"1":{"name":"(anonymous_1)","decl":{"start":{"line":21,"column":35},"end":{"line":21,"column":36}},"loc":{"start":{"line":21,"column":43},"end":{"line":26,"column":9}},"line":21},"2":{"name":"(anonymous_2)","decl":{"start":{"line":30,"column":34},"end":{"line":30,"column":35}},"loc":{"start":{"line":30,"column":42},"end":{"line":35,"column":7}},"line":30}},"branchMap":{"0":{"loc":{"start":{"line":6,"column":26},"end":{"line":6,"column":36}},"type":"default-arg","locations":[{"start":{"line":6,"column":34},"end":{"line":6,"column":36}}],"line":6},"1":{"loc":{"start":{"line":7,"column":2},"end":{"line":39,"column":3}},"type":"switch","locations":[{"start":{"line":8,"column":4},"end":{"line":12,"column":8}},{"start":{"line":14,"column":6},"end":{"line":18,"column":8}},{"start":{"line":20,"column":6},"end":{"line":27,"column":22}},{"start":{"line":29,"column":4},"end":{"line":35,"column":9}},{"start":{"line":37,"column":4},"end":{"line":38,"column":19}}],"line":7},"2":{"loc":{"start":{"line":22,"column":10},"end":{"line":24,"column":11}},"type":"if","locations":[{"start":{"line":22,"column":10},"end":{"line":24,"column":11}},{"start":{"line":22,"column":10},"end":{"line":24,"column":11}}],"line":22},"3":{"loc":{"start":{"line":31,"column":8},"end":{"line":33,"column":9}},"type":"if","locations":[{"start":{"line":31,"column":8},"end":{"line":33,"column":9}},{"start":{"line":31,"column":8},"end":{"line":33,"column":9}}],"line":31}},"s":{"0":30,"1":1,"2":0,"3":1,"4":1,"5":0,"6":1,"7":1,"8":1,"9":1,"10":0,"11":1,"12":28},"f":{"0":30,"1":1,"2":1},"b":{"0":[27],"1":[1,0,1,1,28],"2":[0,1],"3":[0,1]},"_coverageSchema":"43e27e138ebf9cfc5966b082cf9a028302ed4184","hash":"0b92c1bb6c46c905f5e892c837abb16650bd68be"}
,"/Users/oluebubeegbuna/Documents/Projects/SendIT-React/src/reducers/test/parcel.js": {"path":"/Users/oluebubeegbuna/Documents/Projects/SendIT-React/src/reducers/test/parcel.js","statementMap":{},"fnMap":{},"branchMap":{},"s":{},"f":{},"b":{},"_coverageSchema":"43e27e138ebf9cfc5966b082cf9a028302ed4184","hash":"6adb62ebe126a2460229ab43f3d029c0a6324f60"}
,"/Users/oluebubeegbuna/Documents/Projects/SendIT-React/src/store/Store.js": {"path":"/Users/oluebubeegbuna/Documents/Projects/SendIT-React/src/store/Store.js","statementMap":{"0":{"start":{"line":6,"column":21},"end":{"line":6,"column":23}},"1":{"start":{"line":8,"column":19},"end":{"line":8,"column":26}},"2":{"start":{"line":10,"column":14},"end":{"line":14,"column":1}}},"fnMap":{},"branchMap":{},"s":{"0":9,"1":9,"2":9},"f":{},"b":{},"_coverageSchema":"43e27e138ebf9cfc5966b082cf9a028302ed4184","hash":"d6b31e30955ca98d55897ee4ea30dc06c54a1f4f"}
,"/Users/oluebubeegbuna/Documents/Projects/SendIT-React/src/store/index.js": {"path":"/Users/oluebubeegbuna/Documents/Projects/SendIT-React/src/store/index.js","statementMap":{},"fnMap":{},"branchMap":{},"s":{},"f":{},"b":{},"_coverageSchema":"43e27e138ebf9cfc5966b082cf9a028302ed4184","hash":"adf74eaa6a5635f3e427ffaa3f796a12ad2cb9b4"}
,"/Users/oluebubeegbuna/Documents/Projects/SendIT-React/src/styles/colors.js": {"path":"/Users/oluebubeegbuna/Documents/Projects/SendIT-React/src/styles/colors.js","statementMap":{},"fnMap":{},"branchMap":{},"s":{},"f":{},"b":{},"_coverageSchema":"43e27e138ebf9cfc5966b082cf9a028302ed4184","hash":"d34c52949fb34abbfacf72d5ccb80c3bfd0bd4ec"}
}
