TN:
SF:/Users/oluebubeegbuna/Documents/Projects/SendIT-React/src/actions/authActions.js
FN:4,(anonymous_0)
FN:4,(anonymous_1)
FN:7,(anonymous_2)
FN:15,(anonymous_3)
FN:20,(anonymous_4)
FN:20,(anonymous_5)
FN:25,(anonymous_6)
FN:25,(anonymous_7)
FN:28,(anonymous_8)
FN:34,(anonymous_9)
FNF:10
FNH:8
FNDA:1,(anonymous_0)
FNDA:1,(anonymous_1)
FNDA:1,(anonymous_2)
FNDA:0,(anonymous_3)
FNDA:1,(anonymous_4)
FNDA:1,(anonymous_5)
FNDA:1,(anonymous_6)
FNDA:1,(anonymous_7)
FNDA:1,(anonymous_8)
FNDA:0,(anonymous_9)
DA:3,3
DA:4,3
DA:5,1
DA:8,1
DA:9,0
DA:11,1
DA:12,1
DA:13,1
DA:14,1
DA:16,0
DA:20,3
DA:21,1
DA:22,1
DA:25,3
DA:26,1
DA:29,1
DA:35,0
LF:17
LH:14
BRDA:8,0,0,0
BRDA:8,0,1,1
BRF:2
BRH:1
end_of_record
TN:
SF:/Users/oluebubeegbuna/Documents/Projects/SendIT-React/src/actions/userActions.js
FN:5,(anonymous_0)
FN:5,(anonymous_1)
FN:12,(anonymous_2)
FN:19,(anonymous_3)
FN:25,(anonymous_4)
FN:25,(anonymous_5)
FN:32,(anonymous_6)
FN:38,(anonymous_7)
FN:43,(anonymous_8)
FN:43,(anonymous_9)
FN:50,(anonymous_10)
FN:54,(anonymous_11)
FN:59,(anonymous_12)
FN:59,(anonymous_13)
FN:66,(anonymous_14)
FN:69,(anonymous_15)
FNF:16
FNH:12
FNDA:2,(anonymous_0)
FNDA:2,(anonymous_1)
FNDA:1,(anonymous_2)
FNDA:0,(anonymous_3)
FNDA:1,(anonymous_4)
FNDA:1,(anonymous_5)
FNDA:1,(anonymous_6)
FNDA:0,(anonymous_7)
FNDA:1,(anonymous_8)
FNDA:1,(anonymous_9)
FNDA:1,(anonymous_10)
FNDA:0,(anonymous_11)
FNDA:1,(anonymous_12)
FNDA:1,(anonymous_13)
FNDA:1,(anonymous_14)
FNDA:0,(anonymous_15)
DA:4,3
DA:5,3
DA:6,2
DA:13,1
DA:14,0
DA:17,1
DA:20,0
DA:25,3
DA:26,1
DA:33,1
DA:34,1
DA:35,1
DA:39,0
DA:43,3
DA:44,1
DA:51,1
DA:52,1
DA:55,0
DA:59,3
DA:60,1
DA:67,1
DA:70,0
LF:22
LH:17
BRDA:13,0,0,0
BRDA:13,0,1,1
BRDA:33,1,0,1
BRDA:33,1,1,0
BRF:4
BRH:2
end_of_record
TN:
SF:/Users/oluebubeegbuna/Documents/Projects/SendIT-React/src/auth/authorizeUser.js
FN:1,(anonymous_0)
FNF:1
FNH:1
FNDA:5,(anonymous_0)
DA:1,3
DA:2,5
DA:3,5
DA:4,0
DA:6,5
LF:5
LH:4
BRDA:3,0,0,0
BRDA:3,0,1,5
BRF:2
BRH:1
end_of_record
TN:
SF:/Users/oluebubeegbuna/Documents/Projects/SendIT-React/src/components/shared/button/Button.js
FN:5,(anonymous_0)
FNF:1
FNH:1
FNDA:1,(anonymous_0)
DA:5,1
DA:6,1
LF:2
LH:2
BRF:0
BRH:0
end_of_record
TN:
SF:/Users/oluebubeegbuna/Documents/Projects/SendIT-React/src/components/shared/dashboard-table/DashboardTable.js
FN:14,(anonymous_0)
FN:22,(anonymous_1)
FN:26,(anonymous_2)
FN:27,(anonymous_3)
FN:30,(anonymous_4)
FN:34,(anonymous_5)
FN:36,(anonymous_6)
FN:39,(anonymous_7)
FN:44,(anonymous_8)
FN:47,(anonymous_9)
FN:48,(anonymous_10)
FN:49,(anonymous_11)
FN:50,(anonymous_12)
FN:62,(anonymous_13)
FN:81,(anonymous_14)
FN:151,(anonymous_15)
FNF:16
FNH:4
FNDA:1,(anonymous_0)
FNDA:0,(anonymous_1)
FNDA:0,(anonymous_2)
FNDA:0,(anonymous_3)
FNDA:0,(anonymous_4)
FNDA:1,(anonymous_5)
FNDA:0,(anonymous_6)
FNDA:0,(anonymous_7)
FNDA:1,(anonymous_8)
FNDA:0,(anonymous_9)
FNDA:0,(anonymous_10)
FNDA:0,(anonymous_11)
FNDA:0,(anonymous_12)
FNDA:0,(anonymous_13)
FNDA:0,(anonymous_14)
FNDA:1,(anonymous_15)
DA:15,1
DA:16,1
DA:17,1
DA:18,1
DA:23,0
DA:27,0
DA:31,0
DA:35,1
DA:37,0
DA:40,0
DA:45,1
DA:46,1
DA:47,1
DA:48,1
DA:49,1
DA:50,1
DA:51,0
DA:63,0
DA:73,1
DA:81,0
DA:151,1
LF:21
LH:13
BRDA:152,0,0,1
BRDA:152,0,1,0
BRF:2
BRH:1
end_of_record
TN:
SF:/Users/oluebubeegbuna/Documents/Projects/SendIT-React/src/components/shared/footer/Footer.js
FN:5,(anonymous_0)
FNF:1
FNH:1
FNDA:1,(anonymous_0)
DA:5,1
DA:6,1
LF:2
LH:2
BRF:0
BRH:0
end_of_record
TN:
SF:/Users/oluebubeegbuna/Documents/Projects/SendIT-React/src/components/shared/header/Header.js
FN:7,(anonymous_0)
FNF:1
FNH:1
FNDA:1,(anonymous_0)
DA:7,1
DA:8,1
LF:2
LH:2
BRF:0
BRH:0
end_of_record
TN:
SF:/Users/oluebubeegbuna/Documents/Projects/SendIT-React/src/components/shared/login-form/LoginForm.js
FN:17,(anonymous_0)
FN:19,(anonymous_1)
FN:27,(anonymous_2)
FN:30,(anonymous_3)
FN:36,(anonymous_4)
FN:41,(anonymous_5)
FN:45,(anonymous_6)
FN:77,(anonymous_7)
FNF:8
FNH:4
FNDA:1,(anonymous_0)
FNDA:1,(anonymous_1)
FNDA:0,(anonymous_2)
FNDA:0,(anonymous_3)
FNDA:3,(anonymous_4)
FNDA:0,(anonymous_5)
FNDA:5,(anonymous_6)
FNDA:0,(anonymous_7)
DA:17,1
DA:20,1
DA:21,1
DA:23,1
DA:26,1
DA:28,0
DA:31,0
DA:32,0
DA:37,3
DA:38,3
DA:42,0
DA:43,0
DA:46,5
DA:47,5
DA:77,1
LF:15
LH:10
BRDA:37,0,0,3
BRDA:37,0,1,0
BRDA:42,1,0,0
BRDA:42,1,1,0
BRF:4
BRH:1
end_of_record
TN:
SF:/Users/oluebubeegbuna/Documents/Projects/SendIT-React/src/components/shared/main-content/MainContent.js
FN:4,(anonymous_0)
FNF:1
FNH:1
FNDA:1,(anonymous_0)
DA:4,1
DA:5,1
LF:2
LH:2
BRF:0
BRH:0
end_of_record
TN:
SF:/Users/oluebubeegbuna/Documents/Projects/SendIT-React/src/components/shared/modal/ChangeDestination.js
FN:4,(anonymous_0)
FNF:1
FNH:0
FNDA:0,(anonymous_0)
DA:4,1
DA:6,0
LF:2
LH:1
BRDA:8,0,0,0
BRDA:8,0,1,0
BRDA:26,1,0,0
BRDA:26,1,1,0
BRF:4
BRH:0
end_of_record
TN:
SF:/Users/oluebubeegbuna/Documents/Projects/SendIT-React/src/components/shared/modal/Modal.js
FN:4,(anonymous_0)
FN:14,(anonymous_1)
FNF:2
FNH:2
FNDA:1,(anonymous_0)
FNDA:1,(anonymous_1)
DA:4,2
DA:8,1
DA:9,1
DA:14,1
LF:4
LH:4
BRF:0
BRH:0
end_of_record
TN:
SF:/Users/oluebubeegbuna/Documents/Projects/SendIT-React/src/components/shared/modal/NewParcel.js
FN:19,(anonymous_0)
FN:21,(anonymous_1)
FN:30,(anonymous_2)
FN:33,(anonymous_3)
FN:38,(anonymous_4)
FN:114,(anonymous_5)
FNF:6
FNH:2
FNDA:0,(anonymous_0)
FNDA:0,(anonymous_1)
FNDA:0,(anonymous_2)
FNDA:0,(anonymous_3)
FNDA:2,(anonymous_4)
FNDA:1,(anonymous_5)
DA:19,0
DA:22,0
DA:23,0
DA:24,0
DA:26,0
DA:29,0
DA:31,0
DA:34,0
DA:39,2
DA:40,2
DA:41,2
DA:114,2
LF:12
LH:4
BRDA:43,0,0,2
BRDA:43,0,1,0
BRF:2
BRH:1
end_of_record
TN:
SF:/Users/oluebubeegbuna/Documents/Projects/SendIT-React/src/components/shared/modal/ViewParcel.js
FN:9,(anonymous_0)
FN:15,(anonymous_1)
FN:20,(anonymous_2)
FN:23,(anonymous_3)
FN:28,(anonymous_4)
FN:72,(anonymous_5)
FNF:6
FNH:3
FNDA:2,(anonymous_0)
FNDA:0,(anonymous_1)
FNDA:0,(anonymous_2)
FNDA:0,(anonymous_3)
FNDA:2,(anonymous_4)
FNDA:2,(anonymous_5)
DA:10,2
DA:11,2
DA:12,2
DA:16,0
DA:17,0
DA:18,0
DA:19,0
DA:21,0
DA:24,0
DA:29,2
DA:30,2
DA:72,2
LF:12
LH:6
BRDA:32,0,0,2
BRDA:32,0,1,0
BRF:2
BRH:1
end_of_record
TN:
SF:/Users/oluebubeegbuna/Documents/Projects/SendIT-React/src/components/shared/registration-form/RegistrationForm.js
FN:20,(anonymous_0)
FN:22,(anonymous_1)
FN:26,(anonymous_2)
FN:33,(anonymous_3)
FN:38,(anonymous_4)
FN:102,(anonymous_5)
FNF:6
FNH:3
FNDA:1,(anonymous_0)
FNDA:1,(anonymous_1)
FNDA:0,(anonymous_2)
FNDA:0,(anonymous_3)
FNDA:4,(anonymous_4)
FNDA:0,(anonymous_5)
DA:20,1
DA:22,1
DA:23,1
DA:24,1
DA:25,1
DA:27,0
DA:30,0
DA:31,0
DA:34,0
DA:39,4
DA:40,4
DA:102,1
LF:12
LH:8
BRF:0
BRH:0
end_of_record
TN:
SF:/Users/oluebubeegbuna/Documents/Projects/SendIT-React/src/components/shared/sidebar/SideBar.js
FN:10,(anonymous_0)
FNF:1
FNH:1
FNDA:1,(anonymous_0)
DA:5,1
DA:10,1
DA:11,1
LF:3
LH:3
BRF:0
BRH:0
end_of_record
TN:
SF:/Users/oluebubeegbuna/Documents/Projects/SendIT-React/src/reducers/authReducer.js
FN:6,(anonymous_0)
FNF:1
FNH:1
FNDA:29,(anonymous_0)
DA:1,10
DA:7,29
DA:9,1
DA:15,1
DA:21,27
LF:5
LH:5
BRDA:6,0,0,27
BRDA:7,1,0,1
BRDA:7,1,1,1
BRDA:7,1,2,27
BRF:4
BRH:4
end_of_record
TN:
SF:/Users/oluebubeegbuna/Documents/Projects/SendIT-React/src/reducers/index.js
FNF:0
FNH:0
LF:0
LH:0
BRF:0
BRH:0
end_of_record
TN:
SF:/Users/oluebubeegbuna/Documents/Projects/SendIT-React/src/reducers/userParcelsReducer.js
FN:6,(anonymous_0)
FN:21,(anonymous_1)
FN:30,(anonymous_2)
FNF:3
FNH:3
FNDA:30,(anonymous_0)
FNDA:1,(anonymous_1)
FNDA:1,(anonymous_2)
DA:7,30
DA:9,1
DA:15,0
DA:21,1
DA:22,1
DA:23,0
DA:25,1
DA:27,1
DA:30,1
DA:31,1
DA:32,0
DA:34,1
DA:38,28
LF:13
LH:10
BRDA:6,0,0,27
BRDA:7,1,0,1
BRDA:7,1,1,0
BRDA:7,1,2,1
BRDA:7,1,3,1
BRDA:7,1,4,28
BRDA:22,2,0,0
BRDA:22,2,1,1
BRDA:31,3,0,0
BRDA:31,3,1,1
BRF:10
BRH:7
end_of_record
TN:
SF:/Users/oluebubeegbuna/Documents/Projects/SendIT-React/src/reducers/test/parcel.js
FNF:0
FNH:0
LF:0
LH:0
BRF:0
BRH:0
end_of_record
TN:
SF:/Users/oluebubeegbuna/Documents/Projects/SendIT-React/src/store/Store.js
FNF:0
FNH:0
DA:6,9
DA:8,9
DA:10,9
LF:3
LH:3
BRF:0
BRH:0
end_of_record
TN:
SF:/Users/oluebubeegbuna/Documents/Projects/SendIT-React/src/store/index.js
FNF:0
FNH:0
LF:0
LH:0
BRF:0
BRH:0
end_of_record
TN:
SF:/Users/oluebubeegbuna/Documents/Projects/SendIT-React/src/styles/colors.js
FNF:0
FNH:0
LF:0
LH:0
BRF:0
BRH:0
end_of_record
